[2023-06-02 15:26:24,298] multiqc                                            [DEBUG  ]  This is MultiQC v1.14
[2023-06-02 15:26:24,298] multiqc                                            [DEBUG  ]  Command used: /home/victor/Project/WES/CNA/.snakemake/conda/6bb5a76db1de1ff630561a852033095e_/bin/multiqc --force -o report -n fastp_multiqc.html report
[2023-06-02 15:26:25,645] multiqc                                            [DEBUG  ]  Latest MultiQC version is v1.14
[2023-06-02 15:26:25,646] multiqc                                            [DEBUG  ]  Working dir : /home/victor/Project/WES/CNA
[2023-06-02 15:26:25,646] multiqc                                            [DEBUG  ]  Template    : default
[2023-06-02 15:26:25,646] multiqc                                            [DEBUG  ]  Running Python 3.11.3 | packaged by conda-forge | (main, Apr  6 2023, 08:57:19) [GCC 11.3.0]
[2023-06-02 15:26:25,647] multiqc                                            [DEBUG  ]  Analysing modules: custom_content, ccs, ngsderive, purple, conpair, lima, peddy, somalier, methylQA, mosdepth, phantompeakqualtools, qualimap, preseq, hifiasm, quast, qorts, rna_seqc, rockhopper, rsem, rseqc, busco, bustools, goleft_indexcov, gffcompare, disambiguate, supernova, deeptools, sargasso, verifybamid, mirtrace, happy, mirtop, sambamba, gopeaks, homer, hops, macs2, theta2, snpeff, gatk, htseq, bcftools, featureCounts, fgbio, dragen, dragen_fastqc, dedup, pbmarkdup, damageprofiler, biobambam2, jcvi, mtnucratio, picard, vep, sentieon, prokka, qc3C, nanostat, samblaster, samtools, sexdeterrmine, eigenstratdatabasetools, bamtools, jellyfish, vcftools, longranger, stacks, varscan2, snippy, umitools, bbmap, bismark, biscuit, diamond, hicexplorer, hicup, hicpro, salmon, kallisto, slamdunk, star, hisat2, tophat, bowtie2, bowtie1, cellranger, snpsplit, odgi, pangolin, nextclade, humid, kat, leehom, adapterRemoval, bbduk, clipandmerge, cutadapt, flexbar, kaiju, kraken, malt, motus, trimmomatic, sickle, skewer, sortmerna, biobloomtools, fastq_screen, afterqc, fastp, fastqc, filtlong, prinseqplusplus, pychopper, porechop, pycoqc, minionqc, anglerfish, multivcfanalyzer, clusterflow, checkqc, bcl2fastq, bclconvert, interop, ivar, flash, seqyclean, optitype, whatshap
[2023-06-02 15:26:25,647] multiqc                                            [DEBUG  ]  Using temporary directory for creating report: /tmp/tmpk510ev76
[2023-06-02 15:26:25,745] multiqc                                            [INFO   ]  Search path : /home/victor/Project/WES/CNA/report
[2023-06-02 15:26:25,978] multiqc                                            [DEBUG  ]  Summary of files that were skipped by the search: [skipped_module_specific_max_filesize: 12] // [skipped_no_match: 2]
[2023-06-02 15:26:26,806] multiqc.plots.bargraph                             [DEBUG  ]  Using matplotlib version 3.7.1
[2023-06-02 15:26:26,907] multiqc.plots.linegraph                            [DEBUG  ]  Using matplotlib version 3.7.1
[2023-06-02 15:26:26,908] multiqc                                            [DEBUG  ]  No samples found: custom_content
[2023-06-02 15:26:26,923] multiqc.modules.fastp.fastp                        [DEBUG  ]  fastp JSON did not have a 'adapter_cutting' key, skipping: 'P1.T.fastp.json'
[2023-06-02 15:26:26,923] multiqc.modules.fastp.fastp                        [DEBUG  ]  Could not calculate 'pct_adapter' (KeyError): P1.T.fastp.json
[2023-06-02 15:26:26,923] multiqc.modules.fastp.fastp                        [DEBUG  ]  No duplication rate plot data: P1.T.fastp.json
[2023-06-02 15:26:26,924] multiqc.modules.fastp.fastp                        [DEBUG  ]  No insert size plot data: P1.T.fastp.json
[2023-06-02 15:26:26,924] multiqc.modules.fastp.fastp                        [DEBUG  ]  Read quality read2_before_filtering not found: P1.T.fastp.json
[2023-06-02 15:26:26,924] multiqc.modules.fastp.fastp                        [DEBUG  ]  Content curve data read2_before_filtering not found: P1.T.fastp.json
[2023-06-02 15:26:26,924] multiqc.modules.fastp.fastp                        [DEBUG  ]  Read quality read2_after_filtering not found: P1.T.fastp.json
[2023-06-02 15:26:26,924] multiqc.modules.fastp.fastp                        [DEBUG  ]  Content curve data read2_after_filtering not found: P1.T.fastp.json
[2023-06-02 15:26:26,928] multiqc.modules.fastp.fastp                        [DEBUG  ]  fastp JSON did not have a 'adapter_cutting' key, skipping: 'P1.N.fastp.json'
[2023-06-02 15:26:26,929] multiqc.modules.fastp.fastp                        [DEBUG  ]  Could not calculate 'pct_adapter' (KeyError): P1.N.fastp.json
[2023-06-02 15:26:26,929] multiqc.modules.fastp.fastp                        [DEBUG  ]  No duplication rate plot data: P1.N.fastp.json
[2023-06-02 15:26:26,929] multiqc.modules.fastp.fastp                        [DEBUG  ]  No insert size plot data: P1.N.fastp.json
[2023-06-02 15:26:26,929] multiqc.modules.fastp.fastp                        [DEBUG  ]  Read quality read2_before_filtering not found: P1.N.fastp.json
[2023-06-02 15:26:26,929] multiqc.modules.fastp.fastp                        [DEBUG  ]  Content curve data read2_before_filtering not found: P1.N.fastp.json
[2023-06-02 15:26:26,930] multiqc.modules.fastp.fastp                        [DEBUG  ]  Read quality read2_after_filtering not found: P1.N.fastp.json
[2023-06-02 15:26:26,930] multiqc.modules.fastp.fastp                        [DEBUG  ]  Content curve data read2_after_filtering not found: P1.N.fastp.json
[2023-06-02 15:26:26,930] multiqc.modules.fastp.fastp                        [INFO   ]  Found 2 reports
[2023-06-02 15:26:26,972] multiqc                                            [INFO   ]  Compressing plot data
[2023-06-02 15:26:27,064] multiqc                                            [INFO   ]  Report      : report/fastp_multiqc.html
[2023-06-02 15:26:27,064] multiqc                                            [INFO   ]  Data        : report/fastp_multiqc_data
[2023-06-02 15:26:27,064] multiqc                                            [DEBUG  ]  Moving data file from '/tmp/tmpk510ev76/multiqc_data' to 'report/fastp_multiqc_data'
[2023-06-02 15:26:27,204] multiqc                                            [INFO   ]  MultiQC complete
