Using GATK jar /home/victor/Project/WES/CNA/.snakemake/conda/9116e72b66383614e9dc71d399632f64_/share/gatk4-4.4.0.0-0/gatk-package-4.4.0.0-local.jar
Running:
    java -Dsamjdk.use_async_io_read_samtools=false -Dsamjdk.use_async_io_write_samtools=true -Dsamjdk.use_async_io_write_tribble=false -Dsamjdk.compression_level=2 -Xmx819M -jar /home/victor/Project/WES/CNA/.snakemake/conda/9116e72b66383614e9dc71d399632f64_/share/gatk4-4.4.0.0-0/gatk-package-4.4.0.0-local.jar CollectReadCounts -I results/prepared/P1.N.cram -L results/called/preprocessed.interval_list --interval-merging-rule OVERLAPPING_ONLY -R /home/victor/DataHub/GATK/Homo_sapiens_assembly38.fasta --tmp-dir /tmp/tmpg2e2myvv --output results/called/P1.N.counts.hdf5
09:00:55.287 INFO  NativeLibraryLoader - Loading libgkl_compression.so from jar:file:/home/victor/Project/WES/CNA/.snakemake/conda/9116e72b66383614e9dc71d399632f64_/share/gatk4-4.4.0.0-0/gatk-package-4.4.0.0-local.jar!/com/intel/gkl/native/libgkl_compression.so
09:00:55.495 INFO  CollectReadCounts - ------------------------------------------------------------
09:00:55.499 INFO  CollectReadCounts - The Genome Analysis Toolkit (GATK) v4.4.0.0
09:00:55.499 INFO  CollectReadCounts - For support and documentation go to https://software.broadinstitute.org/gatk/
09:00:55.499 INFO  CollectReadCounts - Executing as victor@shpc-1385-instance-rVoBySAX on Linux v5.15.0-73-generic amd64
09:00:55.500 INFO  CollectReadCounts - Java runtime: OpenJDK 64-Bit Server VM v17.0.3-internal+0-adhoc..src
09:00:55.500 INFO  CollectReadCounts - Start Date/Time: June 3, 2023 at 9:00:55 AM CST
09:00:55.500 INFO  CollectReadCounts - ------------------------------------------------------------
09:00:55.500 INFO  CollectReadCounts - ------------------------------------------------------------
09:00:55.502 INFO  CollectReadCounts - HTSJDK Version: 3.0.5
09:00:55.502 INFO  CollectReadCounts - Picard Version: 3.0.0
09:00:55.502 INFO  CollectReadCounts - Built for Spark Version: 3.3.1
09:00:55.502 INFO  CollectReadCounts - HTSJDK Defaults.COMPRESSION_LEVEL : 2
09:00:55.503 INFO  CollectReadCounts - HTSJDK Defaults.USE_ASYNC_IO_READ_FOR_SAMTOOLS : false
09:00:55.503 INFO  CollectReadCounts - HTSJDK Defaults.USE_ASYNC_IO_WRITE_FOR_SAMTOOLS : true
09:00:55.504 INFO  CollectReadCounts - HTSJDK Defaults.USE_ASYNC_IO_WRITE_FOR_TRIBBLE : false
09:00:55.504 INFO  CollectReadCounts - Deflater: IntelDeflater
09:00:55.504 INFO  CollectReadCounts - Inflater: IntelInflater
09:00:55.504 INFO  CollectReadCounts - GCS max retries/reopens: 20
09:00:55.511 INFO  CollectReadCounts - Requester pays: disabled
09:00:55.514 INFO  CollectReadCounts - Initializing engine
09:00:57.274 INFO  FeatureManager - Using codec IntervalListCodec to read file file:///home/victor/Project/WES/CNA/results/called/preprocessed.interval_list
09:00:58.026 INFO  IntervalArgumentCollection - Processing 4084393 bp from intervals
09:00:58.086 INFO  CollectReadCounts - Done initializing engine
09:00:58.108 INFO  CollectReadCounts - Collecting read counts...
09:00:58.109 INFO  ProgressMeter - Starting traversal
09:00:58.109 INFO  ProgressMeter -        Current Locus  Elapsed Minutes       Reads Processed     Reads/Minute
09:01:08.371 INFO  ProgressMeter -       chr21:43657944              0.2                101000         591046.5
09:01:11.967 INFO  CollectReadCounts - 0 read(s) filtered by: WellformedReadFilter 
0 read(s) filtered by: MappedReadFilter 
0 read(s) filtered by: NonZeroReferenceLengthAlignmentReadFilter 
0 read(s) filtered by: NotDuplicateReadFilter 
37627 read(s) filtered by: MappingQualityReadFilter 
37627 total reads filtered out of 199731 reads processed
09:01:11.968 INFO  ProgressMeter -       chrX:110721403              0.2                162104         701850.2
09:01:11.968 INFO  ProgressMeter - Traversal complete. Processed 162104 total reads in 0.2 minutes.
09:01:11.969 INFO  CollectReadCounts - Writing read counts to /home/victor/Project/WES/CNA/results/called/P1.N.counts.hdf5...
09:01:12.185 INFO  HDF5Library - Trying to load HDF5 library from:
	jar:file:/home/victor/Project/WES/CNA/.snakemake/conda/9116e72b66383614e9dc71d399632f64_/share/gatk4-4.4.0.0-0/gatk-package-4.4.0.0-local.jar!/org/broadinstitute/hdf5/libjhdf5.2.11.0.so
09:01:12.235 INFO  H5 - HDF5 library: 
09:01:12.235 INFO  H5 -  successfully loaded.
09:01:12.314 INFO  CollectReadCounts - CollectReadCounts complete.
09:01:12.315 INFO  CollectReadCounts - Shutting down engine
[June 3, 2023 at 9:01:12 AM CST] org.broadinstitute.hellbender.tools.copynumber.CollectReadCounts done. Elapsed time: 0.29 minutes.
Runtime.totalMemory()=473956352
