Using GATK jar /home/victor/Project/WES/CNA/.snakemake/conda/9116e72b66383614e9dc71d399632f64_/share/gatk4-4.4.0.0-0/gatk-package-4.4.0.0-local.jar
Running:
    java -Dsamjdk.use_async_io_read_samtools=false -Dsamjdk.use_async_io_write_samtools=true -Dsamjdk.use_async_io_write_tribble=false -Dsamjdk.compression_level=2 -Xmx819M -jar /home/victor/Project/WES/CNA/.snakemake/conda/9116e72b66383614e9dc71d399632f64_/share/gatk4-4.4.0.0-0/gatk-package-4.4.0.0-local.jar CollectReadCounts -I results/prepared/P1.T.cram -L results/called/preprocessed.interval_list --interval-merging-rule OVERLAPPING_ONLY -R /home/victor/DataHub/GATK/Homo_sapiens_assembly38.fasta --tmp-dir /tmp/tmp0d9f7wm7 --output results/called/P1.T.counts.hdf5
09:00:55.807 INFO  NativeLibraryLoader - Loading libgkl_compression.so from jar:file:/home/victor/Project/WES/CNA/.snakemake/conda/9116e72b66383614e9dc71d399632f64_/share/gatk4-4.4.0.0-0/gatk-package-4.4.0.0-local.jar!/com/intel/gkl/native/libgkl_compression.so
09:00:55.889 INFO  CollectReadCounts - ------------------------------------------------------------
09:00:56.193 INFO  CollectReadCounts - The Genome Analysis Toolkit (GATK) v4.4.0.0
09:00:56.193 INFO  CollectReadCounts - For support and documentation go to https://software.broadinstitute.org/gatk/
09:00:56.193 INFO  CollectReadCounts - Executing as victor@shpc-1385-instance-rVoBySAX on Linux v5.15.0-73-generic amd64
09:00:56.193 INFO  CollectReadCounts - Java runtime: OpenJDK 64-Bit Server VM v17.0.3-internal+0-adhoc..src
09:00:56.194 INFO  CollectReadCounts - Start Date/Time: June 3, 2023 at 9:00:55 AM CST
09:00:56.194 INFO  CollectReadCounts - ------------------------------------------------------------
09:00:56.194 INFO  CollectReadCounts - ------------------------------------------------------------
09:00:56.196 INFO  CollectReadCounts - HTSJDK Version: 3.0.5
09:00:56.196 INFO  CollectReadCounts - Picard Version: 3.0.0
09:00:56.196 INFO  CollectReadCounts - Built for Spark Version: 3.3.1
09:00:56.197 INFO  CollectReadCounts - HTSJDK Defaults.COMPRESSION_LEVEL : 2
09:00:56.198 INFO  CollectReadCounts - HTSJDK Defaults.USE_ASYNC_IO_READ_FOR_SAMTOOLS : false
09:00:56.198 INFO  CollectReadCounts - HTSJDK Defaults.USE_ASYNC_IO_WRITE_FOR_SAMTOOLS : true
09:00:56.198 INFO  CollectReadCounts - HTSJDK Defaults.USE_ASYNC_IO_WRITE_FOR_TRIBBLE : false
09:00:56.199 INFO  CollectReadCounts - Deflater: IntelDeflater
09:00:56.199 INFO  CollectReadCounts - Inflater: IntelInflater
09:00:56.199 INFO  CollectReadCounts - GCS max retries/reopens: 20
09:00:56.202 INFO  CollectReadCounts - Requester pays: disabled
09:00:56.207 INFO  CollectReadCounts - Initializing engine
09:00:57.412 INFO  FeatureManager - Using codec IntervalListCodec to read file file:///home/victor/Project/WES/CNA/results/called/preprocessed.interval_list
09:00:58.206 INFO  IntervalArgumentCollection - Processing 4084393 bp from intervals
09:00:58.245 INFO  CollectReadCounts - Done initializing engine
09:00:58.271 INFO  CollectReadCounts - Collecting read counts...
09:00:58.271 INFO  ProgressMeter - Starting traversal
09:00:58.272 INFO  ProgressMeter -        Current Locus  Elapsed Minutes       Reads Processed     Reads/Minute
09:01:08.379 INFO  ProgressMeter -       chr21:31667271              0.2                 88000         522772.3
09:01:18.551 INFO  ProgressMeter -       chr21:42447199              0.3                267000         790018.7
09:01:28.915 INFO  ProgressMeter -       chr21:46436944              0.5                386000         755825.3
09:01:47.013 INFO  ProgressMeter -       chrX:110082211              0.8                399000         491167.6
09:02:01.784 INFO  CollectReadCounts - 0 read(s) filtered by: WellformedReadFilter 
0 read(s) filtered by: MappedReadFilter 
0 read(s) filtered by: NonZeroReferenceLengthAlignmentReadFilter 
0 read(s) filtered by: NotDuplicateReadFilter 
77239 read(s) filtered by: MappingQualityReadFilter 
77239 total reads filtered out of 484403 reads processed
09:02:01.786 INFO  ProgressMeter -       chrX:110759582              1.1                407164         384643.1
09:02:01.786 INFO  ProgressMeter - Traversal complete. Processed 407164 total reads in 1.1 minutes.
09:02:01.786 INFO  CollectReadCounts - Writing read counts to /home/victor/Project/WES/CNA/results/called/P1.T.counts.hdf5...
09:02:03.530 INFO  HDF5Library - Trying to load HDF5 library from:
	jar:file:/home/victor/Project/WES/CNA/.snakemake/conda/9116e72b66383614e9dc71d399632f64_/share/gatk4-4.4.0.0-0/gatk-package-4.4.0.0-local.jar!/org/broadinstitute/hdf5/libjhdf5.2.11.0.so
09:02:03.644 INFO  H5 - HDF5 library: 
09:02:03.644 INFO  H5 -  successfully loaded.
09:02:03.719 INFO  CollectReadCounts - CollectReadCounts complete.
09:02:03.719 INFO  CollectReadCounts - Shutting down engine
[June 3, 2023 at 9:02:03 AM CST] org.broadinstitute.hellbender.tools.copynumber.CollectReadCounts done. Elapsed time: 1.13 minutes.
Runtime.totalMemory()=476053504
