Using GATK jar /home/victor/Project/WES/CNA/.snakemake/conda/b2a6627012fb6fbcd38d7140b54a2b38_/share/gatk4-4.4.0.0-0/gatk-package-4.4.0.0-local.jar
Running:
    java -Dsamjdk.use_async_io_read_samtools=false -Dsamjdk.use_async_io_write_samtools=true -Dsamjdk.use_async_io_write_tribble=false -Dsamjdk.compression_level=2 -jar /home/victor/Project/WES/CNA/.snakemake/conda/b2a6627012fb6fbcd38d7140b54a2b38_/share/gatk4-4.4.0.0-0/gatk-package-4.4.0.0-local.jar AnnotateIntervals --intervals results/called/preprocessed.interval_list --reference /home/victor/DataHub/GATK/Homo_sapiens_assembly38.fasta --interval-merging-rule OVERLAPPING_ONLY --tmp-dir /tmp/tmp0w5lnyd_ --output results/called/annotated.intervals.tsv
08:58:33.066 INFO  NativeLibraryLoader - Loading libgkl_compression.so from jar:file:/home/victor/Project/WES/CNA/.snakemake/conda/b2a6627012fb6fbcd38d7140b54a2b38_/share/gatk4-4.4.0.0-0/gatk-package-4.4.0.0-local.jar!/com/intel/gkl/native/libgkl_compression.so
08:58:33.125 INFO  AnnotateIntervals - ------------------------------------------------------------
08:58:33.129 INFO  AnnotateIntervals - The Genome Analysis Toolkit (GATK) v4.4.0.0
08:58:33.130 INFO  AnnotateIntervals - For support and documentation go to https://software.broadinstitute.org/gatk/
08:58:33.130 INFO  AnnotateIntervals - Executing as victor@shpc-1385-instance-rVoBySAX on Linux v5.15.0-73-generic amd64
08:58:33.130 INFO  AnnotateIntervals - Java runtime: OpenJDK 64-Bit Server VM v17.0.3-internal+0-adhoc..src
08:58:33.131 INFO  AnnotateIntervals - Start Date/Time: June 3, 2023 at 8:58:33 AM CST
08:58:33.131 INFO  AnnotateIntervals - ------------------------------------------------------------
08:58:33.131 INFO  AnnotateIntervals - ------------------------------------------------------------
08:58:33.132 INFO  AnnotateIntervals - HTSJDK Version: 3.0.5
08:58:33.133 INFO  AnnotateIntervals - Picard Version: 3.0.0
08:58:33.133 INFO  AnnotateIntervals - Built for Spark Version: 3.3.1
08:58:33.133 INFO  AnnotateIntervals - HTSJDK Defaults.COMPRESSION_LEVEL : 2
08:58:33.133 INFO  AnnotateIntervals - HTSJDK Defaults.USE_ASYNC_IO_READ_FOR_SAMTOOLS : false
08:58:33.134 INFO  AnnotateIntervals - HTSJDK Defaults.USE_ASYNC_IO_WRITE_FOR_SAMTOOLS : true
08:58:33.134 INFO  AnnotateIntervals - HTSJDK Defaults.USE_ASYNC_IO_WRITE_FOR_TRIBBLE : false
08:58:33.134 INFO  AnnotateIntervals - Deflater: IntelDeflater
08:58:33.135 INFO  AnnotateIntervals - Inflater: IntelInflater
08:58:33.135 INFO  AnnotateIntervals - GCS max retries/reopens: 20
08:58:33.135 INFO  AnnotateIntervals - Requester pays: disabled
08:58:33.136 INFO  AnnotateIntervals - Initializing engine
08:58:33.966 INFO  FeatureManager - Using codec IntervalListCodec to read file file:///home/victor/Project/WES/CNA/results/called/preprocessed.interval_list
08:58:34.414 INFO  IntervalArgumentCollection - Processing 4084393 bp from intervals
08:58:34.433 INFO  AnnotateIntervals - Done initializing engine
08:58:34.435 INFO  AnnotateIntervals - Loading intervals for annotation...
08:58:34.435 INFO  AnnotateIntervals - Loading resources for annotation...
08:58:34.530 INFO  AnnotateIntervals - Adding GC-content annotator...
08:58:34.531 INFO  AnnotateIntervals - Annotating intervals...
08:58:34.531 INFO  ProgressMeter - Starting traversal
08:58:34.532 INFO  ProgressMeter -        Current Locus  Elapsed Minutes     Records Processed   Records/Minute
08:58:35.027 INFO  ProgressMeter -       chr21:44472706              0.0                  5953         730429.4
08:58:35.027 INFO  ProgressMeter - Traversal complete. Processed 5953 total records in 0.0 minutes.
08:58:35.028 INFO  AnnotateIntervals - Writing annotated intervals to /home/victor/Project/WES/CNA/results/called/annotated.intervals.tsv...
08:58:36.339 INFO  AnnotateIntervals - AnnotateIntervals complete.
08:58:36.339 INFO  AnnotateIntervals - Shutting down engine
[June 3, 2023 at 8:58:36 AM CST] org.broadinstitute.hellbender.tools.copynumber.AnnotateIntervals done. Elapsed time: 0.06 minutes.
Runtime.totalMemory()=285212672
